Arguments: 
  C:\Program Files\nodejs\node.exe C:\Program Files (x86)\Yarn\bin\yarn.js install

PATH: 
  C:\Users\smart\bin;C:\Program Files\Git\mingw64\bin;C:\Program Files\Git\usr\local\bin;C:\Program Files\Git\usr\bin;C:\Program Files\Git\usr\bin;C:\Program Files\Git\mingw64\bin;C:\Program Files\Git\usr\bin;C:\Users\smart\bin;C:\Python27;C:\Python27\Scripts;C:\Program Files (x86)\Intel\iCLS Client;C:\Program Files\Intel\iCLS Client;C:\Windows\system32;C:\Windows;C:\Windows\System32\Wbem;C:\Windows\System32\WindowsPowerShell\v1.0;C:\Windows\System32\OpenSSH;C:\Program Files (x86)\NVIDIA Corporation\PhysX\Common;C:\Program Files\Intel\WiFi\bin;C:\Program Files\Common Files\Intel\WirelessCommon;C:\Program Files (x86)\Intel\Intel(R) Management Engine Components\DAL;C:\Program Files\Intel\Intel(R) Management Engine Components\DAL;C:\Program Files (x86)\Intel\Intel(R) Management Engine Components\IPT;C:\Program Files\Intel\Intel(R) Management Engine Components\IPT;C:\Program Files\Git\cmd;C:\Program Files (x86)\Yarn\bin;C:\Program Files\TortoiseGit\bin;C:\Users\smart\AppData\Local\Microsoft\WindowsApps;C:\Users\smart\AppData\Local\Yarn\bin;C:\Program Files\Microsoft VS Code\bin;C:\dev\nvm;C:\dev\nodejs;C:\Program Files\nodejs;C:\Users\smart\AppData\Roaming\npm;D:\zll\apps\Fiddler;C:\Program Files\Git\usr\bin\vendor_perl;C:\Program Files\Git\usr\bin\core_perl

Yarn version: 
  1.5.1

Node version: 
  8.11.1

Platform: 
  win32 x64

npm manifest: 
  {
    "name": "webpack",
    "version": "1.0.0",
    "description": "",
    "main": "index.js",
    "scripts": {
      "start": "node server.js",
      "build": "webpack --progress --colors"
    },
    "author": "",
    "license": "ISC",
    "dependencies": {
      "react": "^15.5.4",
      "react-dnd": "^2.4.0",
      "prop-types": "^15.6.0",
      "react-dnd-html5-backend": "^2.4.1",
      "react-dom": "^15.5.4",
      "react-redux": "^5.0.6",
      "redux": "^3.6.0",
      "lodash": "^4.17.4"
  
    },
    "devDependencies": {
      "webpack": "^3.0.0",
      "sass-loader": "^6.0.3",
      "style-loader": "^0.17.0",
      "url-loader": "^0.5.8",
      "autoprefixer": "^6.7.7",
      "babel-core": "^6.24.1",
      "babel-loader": "^7.0.0",
      "babel-plugin-import": "^1.1.1",
      "babel-plugin-syntax-dynamic-import": "^6.18.0",
      "babel-polyfill": "^6.23.0",
      "babel-preset-env": "^1.4.0",
      "babel-preset-es2015": "^6.24.1",
      "babel-preset-react": "^6.24.1",
      "clean-webpack-plugin": "^0.1.16",
      "css-loader": "^0.28.1",
      "extract-text-webpack-plugin": "^3.0.0",
      "html-webpack-plugin": "^2.28.0",
      "node-sass": "^4.5.2",
      "babel-preset-es2017": "^6.24.1",
      "babel-preset-stage-1": "^6.24.1",
      "express": "^4.16.2",
      "less": "^2.7.3",
      "less-loader": "^4.0.5",
      "postcss-loader": "^2.0.10",
      "react-hot-loader": "^3.0.0",
      "supervisor": "^0.12.0",
      "webpack-dev-server": "^2.8.2",
      "webpack-hot-middleware": "^2.20.0"
    }
  }

yarn manifest: 
  No manifest

Lockfile: 
  No lockfile

Trace: 
  Error: Received malformed response from registry for undefined. The registry may be down.
      at new MessageError (C:\Program Files (x86)\Yarn\lib\cli.js:186:110)
      at Function.<anonymous> (C:\Program Files (x86)\Yarn\lib\cli.js:51419:15)
      at Generator.next (<anonymous>)
      at step (C:\Program Files (x86)\Yarn\lib\cli.js:98:30)
      at C:\Program Files (x86)\Yarn\lib\cli.js:116:14
      at new Promise (<anonymous>)
      at new F (C:\Program Files (x86)\Yarn\lib\cli.js:23451:28)
      at Function.<anonymous> (C:\Program Files (x86)\Yarn\lib\cli.js:95:12)
      at Function.findVersionInRegistryResponse (C:\Program Files (x86)\Yarn\lib\cli.js:51461:19)
      at NpmResolver.<anonymous> (C:\Program Files (x86)\Yarn\lib\cli.js:51479:28)
